2020-09-29 00:27:14,962 [myid:] - INFO  [main:QuorumPeerConfig@173] - Reading configuration from: /vagrant/apache-zookeeper-3.6.1/bin/../conf/zoo.cfg
2020-09-29 00:27:14,971 [myid:] - WARN  [main:VerifyingFileFactory@65] - data/controller is relative. Prepend ./ to indicate that you're sure!
2020-09-29 00:27:14,976 [myid:] - INFO  [main:QuorumPeerConfig@456] - clientPortAddress is 127.0.0.1:2181
2020-09-29 00:27:14,977 [myid:] - INFO  [main:QuorumPeerConfig@463] - secureClientPort is not set
2020-09-29 00:27:14,977 [myid:] - INFO  [main:QuorumPeerConfig@479] - observerMasterPort is not set
2020-09-29 00:27:14,977 [myid:] - INFO  [main:QuorumPeerConfig@496] - metricsProvider.className is org.apache.zookeeper.metrics.impl.DefaultMetricsProvider
2020-09-29 00:27:14,983 [myid:3] - INFO  [main:DatadirCleanupManager@78] - autopurge.snapRetainCount set to 3
2020-09-29 00:27:14,983 [myid:3] - INFO  [main:DatadirCleanupManager@79] - autopurge.purgeInterval set to 0
2020-09-29 00:27:14,983 [myid:3] - INFO  [main:DatadirCleanupManager@101] - Purge task is not scheduled.
2020-09-29 00:27:14,983 [myid:3] - WARN  [main:QuorumPeerMain@138] - Either no config or no quorum defined in config, running in standalone mode
2020-09-29 00:27:14,987 [myid:3] - INFO  [main:ManagedUtil@44] - Log4j 1.2 jmx support found and enabled.
2020-09-29 00:27:14,996 [myid:3] - INFO  [main:QuorumPeerConfig@173] - Reading configuration from: /vagrant/apache-zookeeper-3.6.1/bin/../conf/zoo.cfg
2020-09-29 00:27:14,998 [myid:3] - WARN  [main:VerifyingFileFactory@65] - data/controller is relative. Prepend ./ to indicate that you're sure!
2020-09-29 00:27:14,998 [myid:3] - INFO  [main:QuorumPeerConfig@456] - clientPortAddress is 127.0.0.1:2181
2020-09-29 00:27:14,998 [myid:3] - INFO  [main:QuorumPeerConfig@463] - secureClientPort is not set
2020-09-29 00:27:14,999 [myid:3] - INFO  [main:QuorumPeerConfig@479] - observerMasterPort is not set
2020-09-29 00:27:15,000 [myid:3] - INFO  [main:QuorumPeerConfig@496] - metricsProvider.className is org.apache.zookeeper.metrics.impl.DefaultMetricsProvider
2020-09-29 00:27:15,000 [myid:3] - INFO  [main:ZooKeeperServerMain@122] - Starting server
2020-09-29 00:27:15,016 [myid:3] - INFO  [main:ServerMetrics@62] - ServerMetrics initialized with provider org.apache.zookeeper.metrics.impl.DefaultMetricsProvider@4c40b76e
2020-09-29 00:27:15,026 [myid:3] - INFO  [main:FileTxnSnapLog@124] - zookeeper.snapshot.trust.empty : false
2020-09-29 00:27:15,044 [myid:3] - INFO  [main:ZookeeperBanner@42] - 
2020-09-29 00:27:15,045 [myid:3] - INFO  [main:ZookeeperBanner@42] -   ______                  _                                          
2020-09-29 00:27:15,045 [myid:3] - INFO  [main:ZookeeperBanner@42] -  |___  /                 | |                                         
2020-09-29 00:27:15,045 [myid:3] - INFO  [main:ZookeeperBanner@42] -     / /    ___     ___   | | __   ___    ___   _ __     ___   _ __   
2020-09-29 00:27:15,046 [myid:3] - INFO  [main:ZookeeperBanner@42] -    / /    / _ \   / _ \  | |/ /  / _ \  / _ \ | '_ \   / _ \ | '__|
2020-09-29 00:27:15,046 [myid:3] - INFO  [main:ZookeeperBanner@42] -   / /__  | (_) | | (_) | |   <  |  __/ |  __/ | |_) | |  __/ | |    
2020-09-29 00:27:15,046 [myid:3] - INFO  [main:ZookeeperBanner@42] -  /_____|  \___/   \___/  |_|\_\  \___|  \___| | .__/   \___| |_|
2020-09-29 00:27:15,046 [myid:3] - INFO  [main:ZookeeperBanner@42] -                                               | |                     
2020-09-29 00:27:15,046 [myid:3] - INFO  [main:ZookeeperBanner@42] -                                               |_|                     
2020-09-29 00:27:15,047 [myid:3] - INFO  [main:ZookeeperBanner@42] - 
2020-09-29 00:27:15,050 [myid:3] - INFO  [main:Environment@98] - Server environment:zookeeper.version=3.6.1--104dcb3e3fb464b30c5186d229e00af9f332524b, built on 04/21/2020 15:01 GMT
2020-09-29 00:27:15,050 [myid:3] - INFO  [main:Environment@98] - Server environment:host.name=ubuntu-bionic
2020-09-29 00:27:15,050 [myid:3] - INFO  [main:Environment@98] - Server environment:java.version=11.0.8
2020-09-29 00:27:15,050 [myid:3] - INFO  [main:Environment@98] - Server environment:java.vendor=Ubuntu
2020-09-29 00:27:15,051 [myid:3] - INFO  [main:Environment@98] - Server environment:java.home=/usr/lib/jvm/java-11-openjdk-amd64
2020-09-29 00:27:15,051 [myid:3] - INFO  [main:Environment@98] - Server environment:java.class.path=/vagrant/apache-zookeeper-3.6.1/bin/../zookeeper-server/target/classes:/vagrant/apache-zookeeper-3.6.1/bin/../build/classes:/vagrant/apache-zookeeper-3.6.1/bin/../zookeeper-server/target/lib/*.jar:/vagrant/apache-zookeeper-3.6.1/bin/../build/lib/*.jar:/vagrant/apache-zookeeper-3.6.1/bin/../lib/zookeeper-prometheus-metrics-3.6.1.jar:/vagrant/apache-zookeeper-3.6.1/bin/../lib/zookeeper-jute-3.6.1.jar:/vagrant/apache-zookeeper-3.6.1/bin/../lib/zookeeper-3.6.1.jar:/vagrant/apache-zookeeper-3.6.1/bin/../lib/snappy-java-1.1.7.jar:/vagrant/apache-zookeeper-3.6.1/bin/../lib/slf4j-log4j12-1.7.25.jar:/vagrant/apache-zookeeper-3.6.1/bin/../lib/slf4j-api-1.7.25.jar:/vagrant/apache-zookeeper-3.6.1/bin/../lib/simpleclient_servlet-0.6.0.jar:/vagrant/apache-zookeeper-3.6.1/bin/../lib/simpleclient_hotspot-0.6.0.jar:/vagrant/apache-zookeeper-3.6.1/bin/../lib/simpleclient_common-0.6.0.jar:/vagrant/apache-zookeeper-3.6.1/bin/../lib/simpleclient-0.6.0.jar:/vagrant/apache-zookeeper-3.6.1/bin/../lib/netty-transport-native-unix-common-4.1.48.Final.jar:/vagrant/apache-zookeeper-3.6.1/bin/../lib/netty-transport-native-epoll-4.1.48.Final.jar:/vagrant/apache-zookeeper-3.6.1/bin/../lib/netty-transport-4.1.48.Final.jar:/vagrant/apache-zookeeper-3.6.1/bin/../lib/netty-resolver-4.1.48.Final.jar:/vagrant/apache-zookeeper-3.6.1/bin/../lib/netty-handler-4.1.48.Final.jar:/vagrant/apache-zookeeper-3.6.1/bin/../lib/netty-common-4.1.48.Final.jar:/vagrant/apache-zookeeper-3.6.1/bin/../lib/netty-codec-4.1.48.Final.jar:/vagrant/apache-zookeeper-3.6.1/bin/../lib/netty-buffer-4.1.48.Final.jar:/vagrant/apache-zookeeper-3.6.1/bin/../lib/metrics-core-3.2.5.jar:/vagrant/apache-zookeeper-3.6.1/bin/../lib/log4j-1.2.17.jar:/vagrant/apache-zookeeper-3.6.1/bin/../lib/json-simple-1.1.1.jar:/vagrant/apache-zookeeper-3.6.1/bin/../lib/jline-2.11.jar:/vagrant/apache-zookeeper-3.6.1/bin/../lib/jetty-util-9.4.24.v20191120.jar:/vagrant/apache-zookeeper-3.6.1/bin/../lib/jetty-servlet-9.4.24.v20191120.jar:/vagrant/apache-zookeeper-3.6.1/bin/../lib/jetty-server-9.4.24.v20191120.jar:/vagrant/apache-zookeeper-3.6.1/bin/../lib/jetty-security-9.4.24.v20191120.jar:/vagrant/apache-zookeeper-3.6.1/bin/../lib/jetty-io-9.4.24.v20191120.jar:/vagrant/apache-zookeeper-3.6.1/bin/../lib/jetty-http-9.4.24.v20191120.jar:/vagrant/apache-zookeeper-3.6.1/bin/../lib/javax.servlet-api-3.1.0.jar:/vagrant/apache-zookeeper-3.6.1/bin/../lib/jackson-databind-2.10.3.jar:/vagrant/apache-zookeeper-3.6.1/bin/../lib/jackson-core-2.10.3.jar:/vagrant/apache-zookeeper-3.6.1/bin/../lib/jackson-annotations-2.10.3.jar:/vagrant/apache-zookeeper-3.6.1/bin/../lib/commons-lang-2.6.jar:/vagrant/apache-zookeeper-3.6.1/bin/../lib/commons-cli-1.2.jar:/vagrant/apache-zookeeper-3.6.1/bin/../lib/audience-annotations-0.5.0.jar:/vagrant/apache-zookeeper-3.6.1/bin/../zookeeper-*.jar:/vagrant/apache-zookeeper-3.6.1/bin/../zookeeper-server/src/main/resources/lib/*.jar:/vagrant/apache-zookeeper-3.6.1/bin/../conf:
2020-09-29 00:27:15,051 [myid:3] - INFO  [main:Environment@98] - Server environment:java.library.path=/usr/java/packages/lib:/usr/lib/x86_64-linux-gnu/jni:/lib/x86_64-linux-gnu:/usr/lib/x86_64-linux-gnu:/usr/lib/jni:/lib:/usr/lib
2020-09-29 00:27:15,052 [myid:3] - INFO  [main:Environment@98] - Server environment:java.io.tmpdir=/tmp
2020-09-29 00:27:15,053 [myid:3] - INFO  [main:Environment@98] - Server environment:java.compiler=<NA>
2020-09-29 00:27:15,053 [myid:3] - INFO  [main:Environment@98] - Server environment:os.name=Linux
2020-09-29 00:27:15,053 [myid:3] - INFO  [main:Environment@98] - Server environment:os.arch=amd64
2020-09-29 00:27:15,054 [myid:3] - INFO  [main:Environment@98] - Server environment:os.version=4.15.0-118-generic
2020-09-29 00:27:15,054 [myid:3] - INFO  [main:Environment@98] - Server environment:user.name=root
2020-09-29 00:27:15,054 [myid:3] - INFO  [main:Environment@98] - Server environment:user.home=/root
2020-09-29 00:27:15,054 [myid:3] - INFO  [main:Environment@98] - Server environment:user.dir=/vagrant
2020-09-29 00:27:15,054 [myid:3] - INFO  [main:Environment@98] - Server environment:os.memory.free=28MB
2020-09-29 00:27:15,054 [myid:3] - INFO  [main:Environment@98] - Server environment:os.memory.max=1000MB
2020-09-29 00:27:15,054 [myid:3] - INFO  [main:Environment@98] - Server environment:os.memory.total=34MB
2020-09-29 00:27:15,055 [myid:3] - INFO  [main:ZooKeeperServer@128] - zookeeper.enableEagerACLCheck = false
2020-09-29 00:27:15,056 [myid:3] - INFO  [main:ZooKeeperServer@136] - zookeeper.digest.enabled = true
2020-09-29 00:27:15,056 [myid:3] - INFO  [main:ZooKeeperServer@140] - zookeeper.closeSessionTxn.enabled = true
2020-09-29 00:27:15,056 [myid:3] - INFO  [main:ZooKeeperServer@1434] - zookeeper.flushDelay=0
2020-09-29 00:27:15,056 [myid:3] - INFO  [main:ZooKeeperServer@1443] - zookeeper.maxWriteQueuePollTime=0
2020-09-29 00:27:15,057 [myid:3] - INFO  [main:ZooKeeperServer@1452] - zookeeper.maxBatchSize=1000
2020-09-29 00:27:15,057 [myid:3] - INFO  [main:ZooKeeperServer@241] - zookeeper.intBufferStartingSizeBytes = 1024
2020-09-29 00:27:15,059 [myid:3] - INFO  [main:BlueThrottle@141] - Weighed connection throttling is disabled
2020-09-29 00:27:15,060 [myid:3] - INFO  [main:ZooKeeperServer@1246] - minSessionTimeout set to 30000
2020-09-29 00:27:15,060 [myid:3] - INFO  [main:ZooKeeperServer@1255] - maxSessionTimeout set to 60000
2020-09-29 00:27:15,062 [myid:3] - INFO  [main:ResponseCache@45] - Response cache size is initialized with value 400.
2020-09-29 00:27:15,064 [myid:3] - INFO  [main:ResponseCache@45] - Response cache size is initialized with value 400.
2020-09-29 00:27:15,065 [myid:3] - INFO  [main:RequestPathMetricsCollector@111] - zookeeper.pathStats.slotCapacity = 60
2020-09-29 00:27:15,065 [myid:3] - INFO  [main:RequestPathMetricsCollector@112] - zookeeper.pathStats.slotDuration = 15
2020-09-29 00:27:15,066 [myid:3] - INFO  [main:RequestPathMetricsCollector@113] - zookeeper.pathStats.maxDepth = 6
2020-09-29 00:27:15,066 [myid:3] - INFO  [main:RequestPathMetricsCollector@114] - zookeeper.pathStats.initialDelay = 5
2020-09-29 00:27:15,066 [myid:3] - INFO  [main:RequestPathMetricsCollector@115] - zookeeper.pathStats.delay = 5
2020-09-29 00:27:15,066 [myid:3] - INFO  [main:RequestPathMetricsCollector@116] - zookeeper.pathStats.enabled = false
2020-09-29 00:27:15,069 [myid:3] - INFO  [main:ZooKeeperServer@1471] - The max bytes for all large requests are set to 104857600
2020-09-29 00:27:15,070 [myid:3] - INFO  [main:ZooKeeperServer@1485] - The large request threshold is set to -1
2020-09-29 00:27:15,070 [myid:3] - INFO  [main:ZooKeeperServer@329] - Created server with tickTime 5000 minSessionTimeout 30000 maxSessionTimeout 60000 clientPortListenBacklog -1 datadir data/controller/version-2 snapdir data/controller/version-2
2020-09-29 00:27:15,104 [myid:3] - INFO  [main:Log@169] - Logging initialized @600ms to org.eclipse.jetty.util.log.Slf4jLog
2020-09-29 00:27:15,224 [myid:3] - WARN  [main:ContextHandler@1520] - o.e.j.s.ServletContextHandler@3e694b3f{/,null,UNAVAILABLE} contextPath ends with /*
2020-09-29 00:27:15,224 [myid:3] - WARN  [main:ContextHandler@1531] - Empty contextPath
2020-09-29 00:27:15,248 [myid:3] - INFO  [main:Server@359] - jetty-9.4.24.v20191120; built: 2019-11-20T21:37:49.771Z; git: 363d5f2df3a8a28de40604320230664b9c793c16; jvm 11.0.8+10-post-Ubuntu-0ubuntu118.04.1
2020-09-29 00:27:15,301 [myid:3] - INFO  [main:DefaultSessionIdManager@333] - DefaultSessionIdManager workerName=node0
2020-09-29 00:27:15,302 [myid:3] - INFO  [main:DefaultSessionIdManager@338] - No SessionScavenger set, using defaults
2020-09-29 00:27:15,304 [myid:3] - INFO  [main:HouseKeeper@140] - node0 Scavenging every 600000ms
2020-09-29 00:27:15,313 [myid:3] - INFO  [main:ContextHandler@825] - Started o.e.j.s.ServletContextHandler@3e694b3f{/,null,AVAILABLE}
2020-09-29 00:27:15,332 [myid:3] - INFO  [main:AbstractConnector@330] - Started ServerConnector@42e99e4a{HTTP/1.1,[http/1.1]}{0.0.0.0:8080}
2020-09-29 00:27:15,332 [myid:3] - INFO  [main:Server@399] - Started @828ms
2020-09-29 00:27:15,332 [myid:3] - INFO  [main:JettyAdminServer@178] - Started AdminServer on address 0.0.0.0, port 8080 and command URL /commands
2020-09-29 00:27:15,338 [myid:3] - INFO  [main:ServerCnxnFactory@169] - Using org.apache.zookeeper.server.NIOServerCnxnFactory as server connection factory
2020-09-29 00:27:15,339 [myid:3] - WARN  [main:ServerCnxnFactory@309] - maxCnxns is not configured, using default value 0.
2020-09-29 00:27:15,341 [myid:3] - INFO  [main:NIOServerCnxnFactory@666] - Configuring NIO connection handler with 10s sessionless connection timeout, 1 selector thread(s), 4 worker threads, and 64 kB direct buffers.
2020-09-29 00:27:15,342 [myid:3] - INFO  [main:NIOServerCnxnFactory@674] - binding to port localhost/127.0.0.1:2181
2020-09-29 00:27:15,364 [myid:3] - INFO  [main:WatchManagerFactory@42] - Using org.apache.zookeeper.server.watch.WatchManager as watch manager
2020-09-29 00:27:15,364 [myid:3] - INFO  [main:WatchManagerFactory@42] - Using org.apache.zookeeper.server.watch.WatchManager as watch manager
2020-09-29 00:27:15,366 [myid:3] - INFO  [main:ZKDatabase@132] - zookeeper.snapshotSizeFactor = 0.33
2020-09-29 00:27:15,366 [myid:3] - INFO  [main:ZKDatabase@152] - zookeeper.commitLogCount=500
2020-09-29 00:27:15,372 [myid:3] - INFO  [main:SnapStream@61] - zookeeper.snapshot.compression.method = CHECKED
2020-09-29 00:27:15,379 [myid:3] - INFO  [main:FileSnap@85] - Reading snapshot data/controller/version-2/snapshot.6fa
2020-09-29 00:27:15,383 [myid:3] - INFO  [main:DataTree@1737] - The digest value is empty in snapshot
2020-09-29 00:27:15,390 [myid:3] - INFO  [main:ZKDatabase@289] - Snapshot loaded in 24 ms, highest zxid is 0x6fa, digest is 1371985504
2020-09-29 00:27:15,391 [myid:3] - INFO  [main:FileTxnSnapLog@470] - Snapshotting: 0x6fa to data/controller/version-2/snapshot.6fa
2020-09-29 00:27:15,393 [myid:3] - INFO  [main:ZooKeeperServer@519] - Snapshot taken in 2 ms
2020-09-29 00:27:15,407 [myid:3] - INFO  [main:RequestThrottler@74] - zookeeper.request_throttler.shutdownTimeout = 10000
2020-09-29 00:27:15,419 [myid:3] - INFO  [main:ContainerManager@83] - Using checkIntervalMs=60000 maxPerMinute=10000 maxNeverUsedIntervalMs=0
2020-09-29 00:27:15,423 [myid:3] - INFO  [main:ZKAuditProvider@42] - ZooKeeper audit is disabled.
2020-09-29 00:39:01,857 [myid:3] - INFO  [NIOWorkerThread-1:FourLetterCommands@223] - The list of known four letter word commands is : [{1936881266=srvr, 1937006964=stat, 2003003491=wchc, 1685417328=dump, 1668445044=crst, 1936880500=srst, 1701738089=envi, 1668247142=conf, -720899=telnet close, 1751217000=hash, 2003003507=wchs, 2003003504=wchp, 1684632179=dirs, 1668247155=cons, 1835955314=mntr, 1769173615=isro, 1920298859=ruok, 1735683435=gtmk, 1937010027=stmk}]
2020-09-29 00:39:01,859 [myid:3] - INFO  [NIOWorkerThread-1:FourLetterCommands@224] - The list of enabled four letter word commands is : [[srvr]]
2020-09-29 00:39:01,860 [myid:3] - INFO  [NIOWorkerThread-1:NIOServerCnxn@507] - Processing srvr command from /127.0.0.1:42842
